[debug] [2021-06-11T18:24:33.017Z] ----------------------------------------------------------------------
[debug] [2021-06-11T18:24:33.019Z] Command:       C:\Program Files\nodejs\node.exe C:\Users\Arnab\AppData\Roaming\npm\node_modules\firebase-tools\lib\bin\firebase.js init
[debug] [2021-06-11T18:24:33.020Z] CLI Version:   9.12.1
[debug] [2021-06-11T18:24:33.020Z] Platform:      win32
[debug] [2021-06-11T18:24:33.020Z] Node Version:  v14.17.0
[debug] [2021-06-11T18:24:33.021Z] Time:          Fri Jun 11 2021 23:54:33 GMT+0530 (India Standard Time)
[debug] [2021-06-11T18:24:33.021Z] ----------------------------------------------------------------------
[debug] 
[debug] [2021-06-11T18:24:33.027Z] > command requires scopes: ["email","openid","https://www.googleapis.com/auth/cloudplatformprojects.readonly","https://www.googleapis.com/auth/firebase","https://www.googleapis.com/auth/cloud-platform"]
[debug] [2021-06-11T18:24:33.028Z] > authorizing via signed-in user (rnbpttnk@gmail.com)
[info] 
     ######## #### ########  ######## ########     ###     ######  ########
     ##        ##  ##     ## ##       ##     ##  ##   ##  ##       ##
     ######    ##  ########  ######   ########  #########  ######  ######
     ##        ##  ##    ##  ##       ##     ## ##     ##       ## ##
     ##       #### ##     ## ######## ########  ##     ##  ######  ########

You're about to initialize a Firebase project in this directory:

  C:\Angular\HSPA

Before we get started, keep in mind:

  * You are currently outside your home directory

